<?xml version="1.0" encoding="UTF-8"?>
<!-- Generated by org.testng.reporters.JUnitReportReporter -->
<testsuite hostname="DESKTOP-OQCH81E" failures="0" tests="1" name="cart_gstoreTest.addToCart_gstoreTest" time="18.407" errors="0" timestamp="2024-12-14T23:52:44 IST" skipped="0">
  <testcase classname="cart_gstoreTest.addToCart_gstoreTest" name="addToCart" time="18.407"/>
</testsuite> <!-- cart_gstoreTest.addToCart_gstoreTest -->
